#
# A fatal error has been detected by the Java Runtime Environment:
#
#  Internal Error (javaClasses.cpp:136), pid=7864, tid=9072
#  fatal error: Invalid layout of preloaded class
#
# JRE version:  (7.0_45-b18) (build )
# Java VM: Java HotSpot(TM) 64-Bit Server VM (24.45-b08 mixed mode windows-amd64 compressed oops)
# Failed to write core dump. Minidumps are not enabled by default on client versions of Windows
#
# If you would like to submit a bug report, please visit:
#   http://bugreport.sun.com/bugreport/crash.jsp
#

---------------  T H R E A D  ---------------

Current thread (0x00000000029d0800):  JavaThread "Unknown thread" [_thread_in_vm, id=9072, stack(0x00000000028d0000,0x00000000029d0000)]

Stack: [0x00000000028d0000,0x00000000029d0000]

---------------  P R O C E S S  ---------------

Java Threads: ( => current thread )

Other Threads:

=>0x00000000029d0800 (exited) JavaThread "Unknown thread" [_thread_in_vm, id=9072, stack(0x00000000028d0000,0x00000000029d0000)]

VM state:not at safepoint (not fully initialized)

VM Mutex/Monitor currently owned by a thread: None

GC Heap History (0 events):
No events

Deoptimization events (0 events):
No events

Internal exceptions (0 events):
No events

Events (10 events):
Event: 0.100 loading class 0x0000000002a1ecb0 done
Event: 0.100 loading class 0x0000000002a1e6d0 done
Event: 0.100 loading class 0x0000000002a1e6b0
Event: 0.100 loading class 0x0000000002a267b0
Event: 0.100 loading class 0x0000000002a267b0 done
Event: 0.100 loading class 0x0000000002a267e0
Event: 0.100 loading class 0x0000000002a267e0 done
Event: 0.100 loading class 0x0000000002a26810
Event: 0.100 loading class 0x0000000002a26810 done
Event: 0.100 loading class 0x0000000002a1e6b0 done


Dynamic libraries:
0x000007f6b0630000 - 0x000007f6b0663000 	C:\Program Files\Java\jre7\bin\javaw.exe
0x000007fa12b30000 - 0x000007fa12cee000 	C:\Windows\SYSTEM32\ntdll.dll
0x000007fa128e0000 - 0x000007fa12a16000 	C:\Windows\system32\KERNEL32.DLL
0x000007fa0fd10000 - 0x000007fa0fe03000 	C:\Windows\system32\KERNELBASE.dll
0x000007fa10cf0000 - 0x000007fa10dce000 	C:\Windows\system32\ADVAPI32.dll
0x000007fa10ba0000 - 0x000007fa10cec000 	C:\Windows\system32\USER32.dll
0x000007fa0cf50000 - 0x000007fa0d1b9000 	C:\Windows\WinSxS\amd64_microsoft.windows.common-controls_6595b64144ccf1df_6.0.9200.16384_none_418c2a697189c07f\COMCTL32.dll
0x000007fa12690000 - 0x000007fa12735000 	C:\Windows\system32\msvcrt.dll
0x000007fa12890000 - 0x000007fa128d8000 	C:\Windows\SYSTEM32\sechost.dll
0x000007fa12750000 - 0x000007fa12890000 	C:\Windows\system32\RPCRT4.dll
0x000007fa10510000 - 0x000007fa10650000 	C:\Windows\system32\GDI32.dll
0x000007fa10270000 - 0x000007fa102a9000 	C:\Windows\system32\IMM32.DLL
0x000007fa103e0000 - 0x000007fa104f4000 	C:\Windows\system32\MSCTF.dll
0x0000000065d40000 - 0x0000000065e12000 	C:\Program Files\Java\jre7\bin\msvcr100.dll
0x0000000065570000 - 0x0000000065d39000 	C:\Program Files\Java\jre7\bin\server\jvm.dll
0x000007fa07ad0000 - 0x000007fa07ad9000 	C:\Windows\SYSTEM32\WSOCK32.dll
0x000007fa0e300000 - 0x000007fa0e320000 	C:\Windows\SYSTEM32\WINMM.dll
0x000007fa12740000 - 0x000007fa12747000 	C:\Windows\system32\PSAPI.DLL
0x000007fa12630000 - 0x000007fa12688000 	C:\Windows\system32\WS2_32.dll
0x000007fa0c8c0000 - 0x000007fa0c8f2000 	C:\Windows\SYSTEM32\WINMMBASE.dll
0x000007fa10b90000 - 0x000007fa10b99000 	C:\Windows\system32\NSI.dll
0x0000000065560000 - 0x000000006556f000 	C:\Program Files\Java\jre7\bin\verify.dll
0x0000000065530000 - 0x0000000065558000 	C:\Program Files\Java\jre7\bin\java.dll
0x0000000063240000 - 0x0000000063275000 	C:\Program Files\Java\jre7\bin\jdwp.dll
0x0000000065080000 - 0x0000000065088000 	C:\Program Files\Java\jre7\bin\npt.dll
0x0000000065510000 - 0x0000000065525000 	C:\Program Files\Java\jre7\bin\zip.dll

VM Arguments:
jvm_args: -agentlib:jdwp=transport=dt_socket,suspend=y,address=localhost:54090 -Dfile.encoding=GBK -Xbootclasspath:D:\Android\android_eclipse\sdk\platforms\android-19\android.jar 
java_command: com.novery.rest.NovRawDataApi
Launcher Type: SUN_STANDARD

Environment Variables:
JAVA_HOME=C:\Program Files\Java\jdk1.7.0_45
PATH=C:\Python27\;C:\Python27\Scripts;C:\Windows\system32;C:\Windows;C:\Windows\System32\Wbem;C:\Windows\System32\WindowsPowerShell\v1.0\;C:\Program Files\Lenovo\Bluetooth Software\;C:\Program Files\Lenovo\Bluetooth Software\syswow64;C:\Program Files\Java\jdk1.7.0_45;D:\Program Files\mysql5.6\bin;C:\Program Files\TortoiseSVN\bin;D:\Android\android_eclipse\sdk\tools;D:\Program Files\apache-maven-3.3.9\bin
USERNAME=carl
OS=Windows_NT
PROCESSOR_IDENTIFIER=Intel64 Family 6 Model 58 Stepping 9, GenuineIntel



---------------  S Y S T E M  ---------------

OS: Windows 8 , 64 bit Build 9200 

CPU:total 8 (4 cores per cpu, 2 threads per core) family 6 model 58 stepping 9, cmov, cx8, fxsr, mmx, sse, sse2, sse3, ssse3, sse4.1, sse4.2, popcnt, avx, erms, ht, tsc, tscinvbit, tscinv

Memory: 4k page, physical 16619428k(9286632k free), swap 18978724k(8460948k free)

vm_info: Java HotSpot(TM) 64-Bit Server VM (24.45-b08) for windows-amd64 JRE (1.7.0_45-b18), built on Oct  8 2013 05:47:22 by "java_re" with unknown MS VC++:1600

time: Tue Jun 14 16:19:04 2016
elapsed time: 0 seconds

