#
# A fatal error has been detected by the Java Runtime Environment:
#
#  Internal Error (javaClasses.cpp:136), pid=7480, tid=4548
#  fatal error: Invalid layout of preloaded class
#
# JRE version:  (7.0_45-b18) (build )
# Java VM: Java HotSpot(TM) 64-Bit Server VM (24.45-b08 mixed mode windows-amd64 compressed oops)
# Failed to write core dump. Minidumps are not enabled by default on client versions of Windows
#
# If you would like to submit a bug report, please visit:
#   http://bugreport.sun.com/bugreport/crash.jsp
#

---------------  T H R E A D  ---------------

Current thread (0x0000000002c12800):  JavaThread "Unknown thread" [_thread_in_vm, id=4548, stack(0x0000000002b10000,0x0000000002c10000)]

Stack: [0x0000000002b10000,0x0000000002c10000]

---------------  P R O C E S S  ---------------

Java Threads: ( => current thread )

Other Threads:

=>0x0000000002c12800 (exited) JavaThread "Unknown thread" [_thread_in_vm, id=4548, stack(0x0000000002b10000,0x0000000002c10000)]

VM state:not at safepoint (not fully initialized)

VM Mutex/Monitor currently owned by a thread: None

GC Heap History (0 events):
No events

Deoptimization events (0 events):
No events

Internal exceptions (0 events):
No events

Events (10 events):
Event: 0.009 loading class 0x0000000002c5ee00 done
Event: 0.009 loading class 0x0000000002c5e820 done
Event: 0.009 loading class 0x0000000002c5e800
Event: 0.010 loading class 0x0000000002c66900
Event: 0.010 loading class 0x0000000002c66900 done
Event: 0.010 loading class 0x0000000002c66930
Event: 0.010 loading class 0x0000000002c66930 done
Event: 0.010 loading class 0x0000000002c66960
Event: 0.010 loading class 0x0000000002c66960 done
Event: 0.010 loading class 0x0000000002c5e800 done


Dynamic libraries:
0x000007f7c5f40000 - 0x000007f7c5f73000 	C:\Program Files\Java\jre7\bin\javaw.exe
0x000007fdcfe80000 - 0x000007fdd003e000 	C:\Windows\SYSTEM32\ntdll.dll
0x000007fdce460000 - 0x000007fdce596000 	C:\Windows\system32\KERNEL32.DLL
0x000007fdcce80000 - 0x000007fdccf73000 	C:\Windows\system32\KERNELBASE.dll
0x000007fdcd8b0000 - 0x000007fdcd98e000 	C:\Windows\system32\ADVAPI32.dll
0x000007fdcfb20000 - 0x000007fdcfc6c000 	C:\Windows\system32\USER32.dll
0x000007fdca520000 - 0x000007fdca789000 	C:\Windows\WinSxS\amd64_microsoft.windows.common-controls_6595b64144ccf1df_6.0.9200.16384_none_418c2a697189c07f\COMCTL32.dll
0x000007fdcde50000 - 0x000007fdcdef5000 	C:\Windows\system32\msvcrt.dll
0x000007fdce130000 - 0x000007fdce178000 	C:\Windows\SYSTEM32\sechost.dll
0x000007fdce680000 - 0x000007fdce7c0000 	C:\Windows\system32\RPCRT4.dll
0x000007fdcd570000 - 0x000007fdcd6b0000 	C:\Windows\system32\GDI32.dll
0x000007fdcda30000 - 0x000007fdcda69000 	C:\Windows\system32\IMM32.DLL
0x000007fdce1d0000 - 0x000007fdce2e4000 	C:\Windows\system32\MSCTF.dll
0x00000000691f0000 - 0x00000000692c2000 	C:\Program Files\Java\jre7\bin\msvcr100.dll
0x0000000068a20000 - 0x00000000691e9000 	C:\Program Files\Java\jre7\bin\server\jvm.dll
0x000007fdc4e20000 - 0x000007fdc4e29000 	C:\Windows\SYSTEM32\WSOCK32.dll
0x000007fdc9b50000 - 0x000007fdc9b70000 	C:\Windows\SYSTEM32\WINMM.dll
0x000007fdce2f0000 - 0x000007fdce2f7000 	C:\Windows\system32\PSAPI.DLL
0x000007fdcd510000 - 0x000007fdcd568000 	C:\Windows\system32\WS2_32.dll
0x000007fdc9a40000 - 0x000007fdc9a72000 	C:\Windows\SYSTEM32\WINMMBASE.dll
0x000007fdcfab0000 - 0x000007fdcfab9000 	C:\Windows\system32\NSI.dll
0x0000000068a10000 - 0x0000000068a1f000 	C:\Program Files\Java\jre7\bin\verify.dll
0x00000000689e0000 - 0x0000000068a08000 	C:\Program Files\Java\jre7\bin\java.dll
0x00000000684a0000 - 0x00000000684d5000 	C:\Program Files\Java\jre7\bin\jdwp.dll
0x0000000068490000 - 0x0000000068498000 	C:\Program Files\Java\jre7\bin\npt.dll
0x00000000689c0000 - 0x00000000689d5000 	C:\Program Files\Java\jre7\bin\zip.dll

VM Arguments:
jvm_args: -agentlib:jdwp=transport=dt_socket,suspend=y,address=localhost:64670 -Dfile.encoding=GBK -Xbootclasspath:D:\Android\android_eclipse\sdk\platforms\android-19\android.jar 
java_command: com.novery.rest.RestApiLoginRunnable
Launcher Type: SUN_STANDARD

Environment Variables:
JAVA_HOME=C:\Program Files\Java\jdk1.7.0_45
PATH=C:\Python27\;C:\Python27\Scripts;C:\Windows\system32;C:\Windows;C:\Windows\System32\Wbem;C:\Windows\System32\WindowsPowerShell\v1.0\;C:\Program Files\Lenovo\Bluetooth Software\;C:\Program Files\Lenovo\Bluetooth Software\syswow64;C:\Program Files\Java\jdk1.7.0_45;D:\Program Files\mysql5.6\bin;C:\Program Files\TortoiseSVN\bin;D:\Android\android_eclipse\sdk\tools;D:\Program Files\apache-maven-3.3.9\bin
USERNAME=carl
OS=Windows_NT
PROCESSOR_IDENTIFIER=Intel64 Family 6 Model 58 Stepping 9, GenuineIntel



---------------  S Y S T E M  ---------------

OS: Windows 8 , 64 bit Build 9200 

CPU:total 8 (4 cores per cpu, 2 threads per core) family 6 model 58 stepping 9, cmov, cx8, fxsr, mmx, sse, sse2, sse3, ssse3, sse4.1, sse4.2, popcnt, avx, erms, ht, tsc, tscinvbit, tscinv

Memory: 4k page, physical 16619428k(10176500k free), swap 18978724k(8121652k free)

vm_info: Java HotSpot(TM) 64-Bit Server VM (24.45-b08) for windows-amd64 JRE (1.7.0_45-b18), built on Oct  8 2013 05:47:22 by "java_re" with unknown MS VC++:1600

time: Tue Oct 18 16:46:23 2016
elapsed time: 0 seconds

